captured close on 39 pending picks · settled 0
captured close on 56 pending picks · settled 1
captured close on 56 pending picks · settled 0
captured close on 44 pending picks · settled 0
captured close on 42 pending picks · settled 0
captured close on 42 pending picks · settled 0
captured close on 42 pending picks · settled 1
captured close on 40 pending picks · settled 1
captured close on 39 pending picks · settled 4
captured close on 39 pending picks · settled 2
captured close on 40 pending picks · settled 0
captured close on 48 pending picks · settled 0
captured close on 48 pending picks · settled 0
captured close on 41 pending picks · settled 1
captured close on 41 pending picks · settled 0
captured close on 41 pending picks · settled 0
captured close on 42 pending picks · settled 0
captured close on 41 pending picks · settled 0
captured close on 41 pending picks · settled 0
captured close on 41 pending picks · settled 1
captured close on 41 pending picks · settled 0
captured close on 60 pending picks · settled 0
steam: snapshot 104 selections across 4 sports
captured close on 60 pending picks · settled 0
steam: snapshot 104 selections across 4 sports
  bf_source WC: <urlopen error [Errno 8] nodename nor servname provided, or not known>
  bf_source MLB: <urlopen error [Errno 8] nodename nor servname provided, or not known>
  bf_source NRL: <urlopen error [Errno 8] nodename nor servname provided, or not known>
  bf_source AFL: <urlopen error [Errno 8] nodename nor servname provided, or not known>
captured close on 0 pending picks · settled 0
steam: snapshot 0 selections across 4 sports
captured close on 58 pending picks · settled 0
steam: snapshot 102 selections across 4 sports
captured close on 61 pending picks · settled 0
steam: snapshot 102 selections across 4 sports
captured close on 58 pending picks · settled 3
steam: snapshot 100 selections across 4 sports
captured close on 57 pending picks · settled 0
steam: snapshot 102 selections across 4 sports
captured close on 56 pending picks · settled 0
steam: snapshot 96 selections across 4 sports
captured close on 54 pending picks · settled 1
steam: snapshot 94 selections across 4 sports
captured close on 52 pending picks · settled 0
steam: snapshot 88 selections across 4 sports
captured close on 49 pending picks · settled 0
steam: snapshot 86 selections across 4 sports
  bf_source WC: The read operation timed out
captured close on 49 pending picks · settled 1
steam: snapshot 32 selections across 4 sports
captured close on 45 pending picks · settled 4
steam: snapshot 86 selections across 4 sports
captured close on 41 pending picks · settled 0
steam: snapshot 82 selections across 4 sports
captured close on 43 pending picks · settled 0
steam: snapshot 80 selections across 4 sports
captured close on 42 pending picks · settled 0
steam: snapshot 78 selections across 4 sports
captured close on 42 pending picks · settled 0
steam: snapshot 78 selections across 4 sports
captured close on 42 pending picks · settled 0
steam: snapshot 78 selections across 4 sports
captured close on 42 pending picks · settled 0
steam: snapshot 76 selections across 4 sports
captured close on 40 pending picks · settled 5
steam: snapshot 92 selections across 4 sports
captured close on 48 pending picks · settled 1
steam: snapshot 104 selections across 4 sports
  bf_source MLB: [Errno 54] Connection reset by peer
captured close on 43 pending picks · settled 4
steam: snapshot 70 selections across 4 sports
  bf_source MLB: [Errno 54] Connection reset by peer
captured close on 43 pending picks · settled 1
steam: snapshot 70 selections across 4 sports
captured close on 43 pending picks · settled 0
steam: snapshot 84 selections across 4 sports
captured close on 43 pending picks · settled 0
steam: snapshot 80 selections across 4 sports
captured close on 40 pending picks · settled 0
steam: snapshot 82 selections across 4 sports
captured close on 40 pending picks · settled 0
steam: snapshot 88 selections across 4 sports
  bf_source WC: [Errno 54] Connection reset by peer
captured close on 40 pending picks · settled 0
steam: snapshot 28 selections across 4 sports
  bf_source WC: [Errno 54] Connection reset by peer
captured close on 39 pending picks · settled 2
steam: snapshot 20 selections across 4 sports
captured close on 35 pending picks · settled 1
steam: snapshot 82 selections across 4 sports
captured close on 34 pending picks · settled 0
steam: snapshot 82 selections across 4 sports
captured close on 34 pending picks · settled 1
steam: snapshot 78 selections across 4 sports
captured close on 31 pending picks · settled 0
steam: snapshot 78 selections across 4 sports
captured close on 31 pending picks · settled 3
steam: snapshot 86 selections across 4 sports
  bf_source MLB: [Errno 54] Connection reset by peer
captured close on 28 pending picks · settled 5
steam: snapshot 78 selections across 4 sports
captured close on 54 pending picks · settled 4
steam: snapshot 110 selections across 4 sports
captured close on 54 pending picks · settled 0
steam: snapshot 110 selections across 4 sports
captured close on 43 pending picks · settled 0
steam: snapshot 82 selections across 4 sports
captured close on 43 pending picks · settled 1
steam: snapshot 82 selections across 4 sports
captured close on 42 pending picks · settled 1
steam: snapshot 84 selections across 4 sports
captured close on 44 pending picks · settled 0
steam: snapshot 84 selections across 4 sports
captured close on 45 pending picks · settled 0
steam: snapshot 84 selections across 4 sports
captured close on 45 pending picks · settled 0
steam: snapshot 82 selections across 4 sports
captured close on 44 pending picks · settled 0
steam: snapshot 82 selections across 4 sports
captured close on 44 pending picks · settled 0
steam: snapshot 86 selections across 4 sports
captured close on 44 pending picks · settled 0
steam: snapshot 102 selections across 4 sports
captured close on 44 pending picks · settled 0
steam: snapshot 112 selections across 4 sports
captured close on 54 pending picks · settled 0
steam: snapshot 112 selections across 4 sports
captured close on 54 pending picks · settled 0
steam: snapshot 114 selections across 4 sports
captured close on 54 pending picks · settled 0
steam: snapshot 114 selections across 4 sports
captured close on 54 pending picks · settled 0
steam: snapshot 114 selections across 4 sports
captured close on 54 pending picks · settled 0
steam: snapshot 116 selections across 4 sports
captured close on 56 pending picks · settled 0
steam: snapshot 116 selections across 4 sports
  bf_source MLB: The read operation timed out
  bf_source AFL: [Errno 54] Connection reset by peer
captured close on 58 pending picks · settled 0
steam: snapshot 80 selections across 4 sports
captured close on 60 pending picks · settled 1
steam: snapshot 114 selections across 4 sports
captured close on 59 pending picks · settled 0
steam: snapshot 110 selections across 4 sports
captured close on 57 pending picks · settled 0
steam: snapshot 104 selections across 4 sports
captured close on 54 pending picks · settled 0
steam: snapshot 96 selections across 4 sports
captured close on 51 pending picks · settled 0
steam: snapshot 94 selections across 4 sports
captured close on 50 pending picks · settled 1
steam: snapshot 92 selections across 4 sports
captured close on 50 pending picks · settled 0
steam: snapshot 92 selections across 4 sports
captured close on 49 pending picks · settled 1
steam: snapshot 90 selections across 4 sports
captured close on 47 pending picks · settled 0
steam: snapshot 88 selections across 4 sports
captured close on 47 pending picks · settled 1
steam: snapshot 86 selections across 4 sports
captured close on 46 pending picks · settled 0
steam: snapshot 86 selections across 4 sports
captured close on 47 pending picks · settled 0
steam: snapshot 86 selections across 4 sports
captured close on 47 pending picks · settled 1
steam: snapshot 86 selections across 4 sports
captured close on 47 pending picks · settled 2
steam: snapshot 92 selections across 4 sports
  bf_source WC: <urlopen error [Errno 8] nodename nor servname provided, or not known>
  bf_source MLB: <urlopen error [Errno 8] nodename nor servname provided, or not known>
  bf_source NRL: <urlopen error [Errno 8] nodename nor servname provided, or not known>
  bf_source AFL: <urlopen error [Errno 8] nodename nor servname provided, or not known>
captured close on 0 pending picks · settled 0
steam: snapshot 0 selections across 4 sports
  bf_source WC: <urlopen error [Errno 8] nodename nor servname provided, or not known>
  bf_source MLB: <urlopen error [Errno 8] nodename nor servname provided, or not known>
  bf_source NRL: <urlopen error [Errno 8] nodename nor servname provided, or not known>
  bf_source AFL: <urlopen error [Errno 8] nodename nor servname provided, or not known>
captured close on 0 pending picks · settled 0
steam: snapshot 0 selections across 4 sports
  bf_source MLB: [Errno 54] Connection reset by peer
  bf_source NRL: [Errno 54] Connection reset by peer
captured close on 47 pending picks · settled 0
steam: snapshot 70 selections across 4 sports
captured close on 56 pending picks · settled 0
steam: snapshot 110 selections across 4 sports
captured close on 54 pending picks · settled 0
steam: snapshot 98 selections across 4 sports
captured close on 50 pending picks · settled 0
steam: snapshot 94 selections across 4 sports
captured close on 48 pending picks · settled 0
steam: snapshot 90 selections across 4 sports
captured close on 48 pending picks · settled 0
steam: snapshot 88 selections across 4 sports
captured close on 48 pending picks · settled 1
steam: snapshot 86 selections across 4 sports
captured close on 48 pending picks · settled 0
steam: snapshot 86 selections across 4 sports
captured close on 45 pending picks · settled 3
steam: snapshot 78 selections across 4 sports
captured close on 44 pending picks · settled 0
steam: snapshot 78 selections across 4 sports
captured close on 44 pending picks · settled 3
steam: snapshot 78 selections across 4 sports
captured close on 44 pending picks · settled 0
steam: snapshot 78 selections across 4 sports
captured close on 44 pending picks · settled 0
steam: snapshot 78 selections across 4 sports
captured close on 44 pending picks · settled 0
steam: snapshot 78 selections across 4 sports
captured close on 44 pending picks · settled 0
steam: snapshot 78 selections across 4 sports
captured close on 44 pending picks · settled 0
steam: snapshot 78 selections across 4 sports
captured close on 45 pending picks · settled 0
steam: snapshot 82 selections across 4 sports
captured close on 45 pending picks · settled 0
steam: snapshot 106 selections across 4 sports
  bf_source MLB: [Errno 54] Connection reset by peer
captured close on 45 pending picks · settled 0
steam: snapshot 78 selections across 4 sports
captured close on 46 pending picks · settled 0
steam: snapshot 90 selections across 4 sports
captured close on 43 pending picks · settled 0
steam: snapshot 82 selections across 4 sports
captured close on 42 pending picks · settled 0
steam: snapshot 78 selections across 4 sports
captured close on 42 pending picks · settled 0
steam: snapshot 74 selections across 4 sports
captured close on 42 pending picks · settled 2
steam: snapshot 74 selections across 4 sports
captured close on 42 pending picks · settled 0
steam: snapshot 68 selections across 4 sports
captured close on 40 pending picks · settled 3
steam: snapshot 68 selections across 4 sports
captured close on 39 pending picks · settled 1
steam: snapshot 66 selections across 4 sports
  bf_source WC: <urlopen error [Errno 8] nodename nor servname provided, or not known>
  bf_source MLB: <urlopen error [Errno 8] nodename nor servname provided, or not known>
  bf_source NRL: <urlopen error [Errno 8] nodename nor servname provided, or not known>
  bf_source AFL: <urlopen error [Errno 8] nodename nor servname provided, or not known>
captured close on 0 pending picks · settled 0
steam: snapshot 0 selections across 4 sports
  bf_source WC: <urlopen error [Errno 8] nodename nor servname provided, or not known>
  bf_source MLB: <urlopen error [Errno 8] nodename nor servname provided, or not known>
  bf_source NRL: <urlopen error [Errno 8] nodename nor servname provided, or not known>
  bf_source AFL: <urlopen error [Errno 8] nodename nor servname provided, or not known>
captured close on 0 pending picks · settled 0
steam: snapshot 0 selections across 4 sports
captured close on 40 pending picks · settled 0
steam: snapshot 66 selections across 4 sports
captured close on 40 pending picks · settled 0
steam: snapshot 66 selections across 4 sports
captured close on 40 pending picks · settled 0
steam: snapshot 74 selections across 4 sports
captured close on 40 pending picks · settled 0
steam: snapshot 84 selections across 4 sports
  bf_source WC: [Errno 60] Operation timed out
  bf_source MLB: <urlopen error [Errno 8] nodename nor servname provided, or not known>
  bf_source NRL: <urlopen error [Errno 8] nodename nor servname provided, or not known>
  bf_source AFL: <urlopen error [Errno 8] nodename nor servname provided, or not known>
captured close on 40 pending picks · settled 0
steam: snapshot 0 selections across 4 sports
  bf_source WC: <urlopen error [Errno 8] nodename nor servname provided, or not known>
  bf_source MLB: <urlopen error [Errno 8] nodename nor servname provided, or not known>
  bf_source NRL: <urlopen error [Errno 8] nodename nor servname provided, or not known>
  bf_source AFL: <urlopen error [Errno 8] nodename nor servname provided, or not known>
captured close on 0 pending picks · settled 0
steam: snapshot 0 selections across 4 sports
captured close on 37 pending picks · settled 0
steam: snapshot 82 selections across 4 sports
captured close on 37 pending picks · settled 0
steam: snapshot 82 selections across 4 sports
captured close on 34 pending picks · settled 0
steam: snapshot 72 selections across 4 sports
captured close on 34 pending picks · settled 0
steam: snapshot 64 selections across 4 sports
captured close on 35 pending picks · settled 0
steam: snapshot 58 selections across 4 sports
captured close on 35 pending picks · settled 0
steam: snapshot 60 selections across 4 sports
captured close on 35 pending picks · settled 0
steam: snapshot 60 selections across 4 sports
captured close on 35 pending picks · settled 1
steam: snapshot 58 selections across 4 sports
captured close on 35 pending picks · settled 0
steam: snapshot 58 selections across 4 sports
captured close on 35 pending picks · settled 0
steam: snapshot 54 selections across 4 sports
captured close on 33 pending picks · settled 0
steam: snapshot 54 selections across 4 sports
captured close on 33 pending picks · settled 0
steam: snapshot 82 selections across 4 sports
captured close on 33 pending picks · settled 0
steam: snapshot 88 selections across 4 sports
  bf_source MLB: The read operation timed out
captured close on 33 pending picks · settled 2
steam: snapshot 58 selections across 4 sports
captured close on 33 pending picks · settled 0
steam: snapshot 88 selections across 4 sports
captured close on 33 pending picks · settled 0
steam: snapshot 88 selections across 4 sports
  bf_source WC: <urlopen error [Errno 8] nodename nor servname provided, or not known>
  bf_source MLB: <urlopen error [Errno 8] nodename nor servname provided, or not known>
  bf_source NRL: <urlopen error [Errno 8] nodename nor servname provided, or not known>
  bf_source AFL: <urlopen error [Errno 8] nodename nor servname provided, or not known>
captured close on 0 pending picks · settled 0
steam: snapshot 0 selections across 4 sports
captured close on 33 pending picks · settled 0
steam: snapshot 88 selections across 4 sports
  bf_source NRL: The read operation timed out
captured close on 29 pending picks · settled 0
steam: snapshot 74 selections across 4 sports
captured close on 0 pending picks · settled 1
steam: snapshot 84 selections across 4 sports
