pushed Tue Jun 16 18:18:47 AEST 2026
pushed Wed Jun 17 09:01:55 AEST 2026
pushed Wed Jun 17 15:31:59 AEST 2026
pushed Thu Jun 18 09:01:49 AEST 2026
pushed Thu Jun 18 15:31:43 AEST 2026
pushed Fri Jun 19 09:01:47 AEST 2026
fatal: unable to access 'https://github.com/lenehan3/card.git/': Could not resolve host: github.com
pushed Sat Jun 20 09:17:56 AEST 2026
pushed Sat Jun 20 15:31:44 AEST 2026
pushed Sun Jun 21 09:45:39 AEST 2026
pushed Sun Jun 21 16:41:33 AEST 2026
pushed Mon Jun 22 09:01:49 AEST 2026
pushed Mon Jun 22 15:32:12 AEST 2026
pushed Tue Jun 23 09:02:22 AEST 2026
fatal: unable to access 'https://github.com/lenehan3/card.git/': Could not resolve host: github.com
pushed Wed Jun 24 09:02:34 AEST 2026
pushed Wed Jun 24 15:32:25 AEST 2026
pushed Thu Jun 25 09:02:18 AEST 2026
pushed Thu Jun 25 16:29:25 AEST 2026
pushed Fri Jun 26 09:02:35 AEST 2026
pushed Fri Jun 26 15:45:51 AEST 2026
pushed Sat Jun 27 09:05:55 AEST 2026
